<?xml version="1.0" encoding="UTF-8"?>
<!-- Generated by org.testng.reporters.JUnitXMLReporter -->
<testsuite ignored="0" hostname="DESKTOP-0GBED7E" failures="0" tests="3" name="Test" time="16.188" errors="0" timestamp="2022-07-22T15:29:52 IST">
  <testcase classname="TestClasses.VerifyUserCanLogIn" name="verifyUserCanLogin" time="3.065"/>
  <testcase classname="TestClasses.VerifyUserCanAddNewAddress" name="verifyUserCanGoToProfilePage" time="1.293"/>
  <testcase classname="TestClasses.VerifyUserCanAddNewAddress" name="veryUserCanAddAddress" time="2.675"/>
</testsuite> <!-- Test -->
