<?xml version="1.0" encoding="UTF-8"?>
<testng-results ignored="0" total="3" passed="3" failed="0" skipped="0">
  <reporter-output>
  </reporter-output>
  <suite started-at="2022-07-22T15:29:36 IST" name="Suite" finished-at="2022-07-22T15:29:52 IST" duration-ms="16188">
    <groups>
    </groups>
    <test started-at="2022-07-22T15:29:36 IST" name="Test" finished-at="2022-07-22T15:29:52 IST" duration-ms="16188">
      <class name="TestClasses.VerifyUserCanLogIn">
        <test-method is-config="true" signature="beforeClass()[pri:0, instance:TestClasses.VerifyUserCanLogIn@14cd1699]" started-at="2022-07-22T15:29:36 IST" name="beforeClass" finished-at="2022-07-22T15:29:44 IST" duration-ms="8075" status="PASS">
          <reporter-output>
          </reporter-output>
        </test-method> <!-- beforeClass -->
        <test-method is-config="true" signature="beforeMethod()[pri:0, instance:TestClasses.VerifyUserCanLogIn@14cd1699]" started-at="2022-07-22T15:29:44 IST" name="beforeMethod" finished-at="2022-07-22T15:29:44 IST" duration-ms="106" status="PASS">
          <reporter-output>
          </reporter-output>
        </test-method> <!-- beforeMethod -->
        <test-method signature="verifyUserCanLogin()[pri:0, instance:TestClasses.VerifyUserCanLogIn@14cd1699]" started-at="2022-07-22T15:29:44 IST" name="verifyUserCanLogin" finished-at="2022-07-22T15:29:47 IST" duration-ms="3065" status="PASS">
          <reporter-output>
          </reporter-output>
        </test-method> <!-- verifyUserCanLogin -->
        <test-method is-config="true" signature="afterMethod(org.testng.ITestResult)[pri:0, instance:TestClasses.VerifyUserCanLogIn@14cd1699]" started-at="2022-07-22T15:29:47 IST" name="afterMethod" finished-at="2022-07-22T15:29:47 IST" duration-ms="27" status="PASS">
          <params>
            <param index="0">
              <value>
                <![CDATA[[TestResult name=verifyUserCanLogin status=SUCCESS method=VerifyUserCanLogIn.verifyUserCanLogin()[pri:0, instance:TestClasses.VerifyUserCanLogIn@14cd1699] output={null}]]]>
              </value>
            </param>
          </params>
          <reporter-output>
          </reporter-output>
        </test-method> <!-- afterMethod -->
        <test-method is-config="true" signature="afterClass()[pri:0, instance:TestClasses.VerifyUserCanLogIn@14cd1699]" started-at="2022-07-22T15:29:47 IST" name="afterClass" finished-at="2022-07-22T15:29:48 IST" duration-ms="716" status="PASS">
          <reporter-output>
          </reporter-output>
        </test-method> <!-- afterClass -->
      </class> <!-- TestClasses.VerifyUserCanLogIn -->
      <class name="TestClasses.VerifyUserCanAddNewAddress">
        <test-method is-config="true" signature="beforeClass()[pri:0, instance:TestClasses.VerifyUserCanAddNewAddress@78691363]" started-at="2022-07-22T15:29:48 IST" name="beforeClass" finished-at="2022-07-22T15:29:48 IST" duration-ms="1" status="PASS">
          <reporter-output>
          </reporter-output>
        </test-method> <!-- beforeClass -->
        <test-method is-config="true" signature="beforeMethod()[pri:0, instance:TestClasses.VerifyUserCanAddNewAddress@78691363]" started-at="2022-07-22T15:29:48 IST" name="beforeMethod" finished-at="2022-07-22T15:29:48 IST" duration-ms="1" status="PASS">
          <reporter-output>
          </reporter-output>
        </test-method> <!-- beforeMethod -->
        <test-method signature="verifyUserCanGoToProfilePage()[pri:0, instance:TestClasses.VerifyUserCanAddNewAddress@78691363]" started-at="2022-07-22T15:29:48 IST" name="verifyUserCanGoToProfilePage" finished-at="2022-07-22T15:29:49 IST" duration-ms="1293" status="PASS">
          <reporter-output>
          </reporter-output>
        </test-method> <!-- verifyUserCanGoToProfilePage -->
        <test-method is-config="true" signature="afterMethod(org.testng.ITestResult)[pri:0, instance:TestClasses.VerifyUserCanAddNewAddress@78691363]" started-at="2022-07-22T15:29:49 IST" name="afterMethod" finished-at="2022-07-22T15:29:49 IST" duration-ms="1" status="PASS">
          <params>
            <param index="0">
              <value>
                <![CDATA[[TestResult name=verifyUserCanGoToProfilePage status=SUCCESS method=VerifyUserCanAddNewAddress.verifyUserCanGoToProfilePage()[pri:0, instance:TestClasses.VerifyUserCanAddNewAddress@78691363] output={null}]]]>
              </value>
            </param>
          </params>
          <reporter-output>
          </reporter-output>
        </test-method> <!-- afterMethod -->
        <test-method is-config="true" signature="beforeMethod()[pri:0, instance:TestClasses.VerifyUserCanAddNewAddress@78691363]" started-at="2022-07-22T15:29:49 IST" name="beforeMethod" finished-at="2022-07-22T15:29:49 IST" duration-ms="2" status="PASS">
          <reporter-output>
          </reporter-output>
        </test-method> <!-- beforeMethod -->
        <test-method signature="veryUserCanAddAddress()[pri:1, instance:TestClasses.VerifyUserCanAddNewAddress@78691363]" started-at="2022-07-22T15:29:49 IST" name="veryUserCanAddAddress" finished-at="2022-07-22T15:29:52 IST" duration-ms="2675" status="PASS">
          <reporter-output>
          </reporter-output>
        </test-method> <!-- veryUserCanAddAddress -->
        <test-method is-config="true" signature="afterMethod(org.testng.ITestResult)[pri:0, instance:TestClasses.VerifyUserCanAddNewAddress@78691363]" started-at="2022-07-22T15:29:52 IST" name="afterMethod" finished-at="2022-07-22T15:29:52 IST" duration-ms="1" status="PASS">
          <params>
            <param index="0">
              <value>
                <![CDATA[[TestResult name=veryUserCanAddAddress status=SUCCESS method=VerifyUserCanAddNewAddress.veryUserCanAddAddress()[pri:1, instance:TestClasses.VerifyUserCanAddNewAddress@78691363] output={null}]]]>
              </value>
            </param>
          </params>
          <reporter-output>
          </reporter-output>
        </test-method> <!-- afterMethod -->
        <test-method is-config="true" signature="afterClass()[pri:0, instance:TestClasses.VerifyUserCanAddNewAddress@78691363]" started-at="2022-07-22T15:29:52 IST" name="afterClass" finished-at="2022-07-22T15:29:52 IST" duration-ms="129" status="PASS">
          <reporter-output>
          </reporter-output>
        </test-method> <!-- afterClass -->
      </class> <!-- TestClasses.VerifyUserCanAddNewAddress -->
    </test> <!-- Test -->
  </suite> <!-- Suite -->
</testng-results>
